<?xml version="1.0" encoding="UTF-8"?>
<!-- Generated by org.testng.reporters.JUnitXMLReporter -->
<testsuite ignored="0" hostname="LAPTOP-FTU7B6TH" failures="1" tests="9" name="Test" time="105.394" errors="0" timestamp="2026-03-03T14:40:25 IST">
  <testcase classname="testcases.verification_testcase" name="verifyVerificationPageUrl" time="24.732"/>
  <testcase classname="testcases.verification_testcase" name="verifyVerificationSubModules" time="1.645"/>
  <testcase classname="testcases.verification_testcase" name="verifyInventoryTabsAndButtonsAreDisplayed" time="7.345"/>
  <testcase classname="testcases.verification_testcase" name="verifyPharmacyTabIsActiveOrNot" time="1.026"/>
  <testcase classname="testcases.verification_testcase" name="verifyNavigationOfTabs" time="3.216"/>
  <testcase classname="testcases.verification_testcase" name="verifyTheResultsDateRangeIsWithinTheSelectedRange" time="30.107"/>
  <testcase classname="testcases.verification_testcase" name="verifyToolTipText" time="0.799"/>
  <testcase classname="testcases.verification_testcase" name="verifyDatesAreRemeberedCorrectly" time="4.597"/>
  <testcase classname="testcases.verification_testcase" name="verifyResultDataIsAsPerTheSelectedDateRange" time="8.39">
    <failure type="java.lang.AssertionError" message="expected [true] but found [false]">
      <![CDATA[java.lang.AssertionError: expected [true] but found [false]
at testcases.verification_testcase.verifyResultDataIsAsPerTheSelectedDateRange(verification_testcase.java:204)
at java.base/java.util.concurrent.ThreadPoolExecutor.runWorker(ThreadPoolExecutor.java:1128)
at java.base/java.util.concurrent.ThreadPoolExecutor$Worker.run(ThreadPoolExecutor.java:628)
at java.base/java.lang.Thread.run(Thread.java:830)
... Removed 16 stack frames]]>
    </failure>
  </testcase> <!-- verifyResultDataIsAsPerTheSelectedDateRange -->
</testsuite> <!-- Test -->
