<?xml version="1.0" encoding="UTF-8"?>
<!-- Generated by org.testng.reporters.JUnitReportReporter -->
<testsuite hostname="LAPTOP-FTU7B6TH" failures="1" tests="9" name="testcases.verification_testcase" time="81.857" errors="0" timestamp="2026-03-03T14:40:25 IST" skipped="0">
  <testcase classname="testcases.verification_testcase" name="verifyVerificationPageUrl" time="24.732"/>
  <testcase classname="testcases.verification_testcase" name="verifyVerificationSubModules" time="1.645"/>
  <testcase classname="testcases.verification_testcase" name="verifyInventoryTabsAndButtonsAreDisplayed" time="7.345"/>
  <testcase classname="testcases.verification_testcase" name="verifyPharmacyTabIsActiveOrNot" time="1.026"/>
  <testcase classname="testcases.verification_testcase" name="verifyNavigationOfTabs" time="3.216"/>
  <testcase classname="testcases.verification_testcase" name="verifyTheResultsDateRangeIsWithinTheSelectedRange" time="30.107"/>
  <testcase classname="testcases.verification_testcase" name="verifyToolTipText" time="0.799"/>
  <testcase classname="testcases.verification_testcase" name="verifyDatesAreRemeberedCorrectly" time="4.597"/>
  <testcase classname="testcases.verification_testcase" name="verifyResultDataIsAsPerTheSelectedDateRange" time="8.390">
    <failure message="expected [true] but found [false]" type="java.lang.AssertionError">
      <![CDATA[java.lang.AssertionError: expected [true] but found [false]
at org.testng.Assert.fail(Assert.java:111)
at org.testng.Assert.failNotEquals(Assert.java:1578)
at org.testng.Assert.assertTrue(Assert.java:57)
at org.testng.Assert.assertTrue(Assert.java:67)
at testcases.verification_testcase.verifyResultDataIsAsPerTheSelectedDateRange(verification_testcase.java:204)
at java.base/jdk.internal.reflect.NativeMethodAccessorImpl.invoke0(Native Method)
at java.base/jdk.internal.reflect.NativeMethodAccessorImpl.invoke(NativeMethodAccessorImpl.java:62)
at java.base/jdk.internal.reflect.DelegatingMethodAccessorImpl.invoke(DelegatingMethodAccessorImpl.java:43)
at java.base/java.lang.reflect.Method.invoke(Method.java:567)
at org.testng.internal.invokers.MethodInvocationHelper.invokeMethod(MethodInvocationHelper.java:139)
at org.testng.internal.invokers.TestInvoker.invokeMethod(TestInvoker.java:664)
at org.testng.internal.invokers.TestInvoker.invokeTestMethod(TestInvoker.java:227)
at org.testng.internal.invokers.MethodRunner.runInSequence(MethodRunner.java:50)
at org.testng.internal.invokers.TestInvoker$MethodInvocationAgent.invoke(TestInvoker.java:957)
at org.testng.internal.invokers.TestInvoker.invokeTestMethods(TestInvoker.java:200)
at org.testng.internal.invokers.TestMethodWorker.invokeTestMethods(TestMethodWorker.java:148)
at org.testng.internal.invokers.TestMethodWorker.run(TestMethodWorker.java:128)
at java.base/java.util.concurrent.ThreadPoolExecutor.runWorker(ThreadPoolExecutor.java:1128)
at java.base/java.util.concurrent.ThreadPoolExecutor$Worker.run(ThreadPoolExecutor.java:628)
at java.base/java.lang.Thread.run(Thread.java:830)
]]>
    </failure>
  </testcase> <!-- verifyResultDataIsAsPerTheSelectedDateRange -->
</testsuite> <!-- testcases.verification_testcase -->
